<?xml version="1.0" encoding="UTF-8"?>
<!-- Generated by org.testng.reporters.JUnitReportReporter -->
<testsuite hostname="BDC7-L-FCKZ5M2" name="com.tripadvisor.mahindratest.ClubMahindraTest" tests="1" failures="0" timestamp="16 Mar 2020 12:27:04 GMT" time="92.289" errors="0">
  <testcase name="runAmazonTest" time="92.289" classname="com.tripadvisor.mahindratest.ClubMahindraTest"/>
</testsuite> <!-- com.tripadvisor.mahindratest.ClubMahindraTest -->
